2024-10-12 06:33:52.938 [info] Log level: Info
2024-10-12 06:33:52.938 [info] Validating found git in: "git"
2024-10-12 06:33:52.939 [info] Using git "2.43.0" from "git"
2024-10-12 06:33:52.939 [info] > git rev-parse --show-toplevel [5ms]
2024-10-12 06:33:52.939 [info] fatal: not a git repository (or any parent up to mount point /)
Stopping at filesystem boundary (GIT_DISCOVERY_ACROSS_FILESYSTEM not set).
2024-10-12 06:33:52.940 [info] > git rev-parse --show-toplevel [2ms]
2024-10-12 06:33:52.940 [info] fatal: not a git repository (or any parent up to mount point /)
Stopping at filesystem boundary (GIT_DISCOVERY_ACROSS_FILESYSTEM not set).
2024-10-12 06:33:52.949 [info] > git rev-parse --show-toplevel [3ms]
2024-10-12 06:33:52.949 [info] fatal: not a git repository (or any parent up to mount point /)
Stopping at filesystem boundary (GIT_DISCOVERY_ACROSS_FILESYSTEM not set).
2024-10-12 06:33:52.958 [info] > git rev-parse --show-toplevel [3ms]
2024-10-12 06:33:52.958 [info] fatal: not a git repository (or any parent up to mount point /)
Stopping at filesystem boundary (GIT_DISCOVERY_ACROSS_FILESYSTEM not set).
2024-10-12 06:33:52.967 [info] > git rev-parse --show-toplevel [1ms]
2024-10-12 06:33:52.967 [info] fatal: not a git repository (or any parent up to mount point /)
Stopping at filesystem boundary (GIT_DISCOVERY_ACROSS_FILESYSTEM not set).
2024-10-12 06:33:52.974 [info] > git rev-parse --show-toplevel [2ms]
2024-10-12 06:33:52.974 [info] fatal: not a git repository (or any parent up to mount point /)
Stopping at filesystem boundary (GIT_DISCOVERY_ACROSS_FILESYSTEM not set).
2024-10-12 06:33:57.007 [info] > git rev-parse --show-toplevel [39ms]
2024-10-12 06:33:57.008 [info] fatal: not a git repository (or any parent up to mount point /)
Stopping at filesystem boundary (GIT_DISCOVERY_ACROSS_FILESYSTEM not set).
2024-10-12 06:34:35.149 [info] > git rev-parse --show-toplevel [2ms]
2024-10-12 06:34:35.149 [info] fatal: not a git repository (or any parent up to mount point /)
Stopping at filesystem boundary (GIT_DISCOVERY_ACROSS_FILESYSTEM not set).
2024-10-12 06:34:36.066 [info] > git rev-parse --show-toplevel [31ms]
2024-10-12 06:34:36.066 [info] fatal: not a git repository (or any parent up to mount point /)
Stopping at filesystem boundary (GIT_DISCOVERY_ACROSS_FILESYSTEM not set).
2024-10-12 06:36:18.180 [info] > git rev-parse --show-toplevel [5ms]
2024-10-12 06:36:18.180 [info] fatal: not a git repository (or any parent up to mount point /)
Stopping at filesystem boundary (GIT_DISCOVERY_ACROSS_FILESYSTEM not set).
2024-10-12 06:37:16.687 [info] > git rev-parse --show-toplevel [4ms]
2024-10-12 06:37:16.687 [info] fatal: not a git repository (or any parent up to mount point /)
Stopping at filesystem boundary (GIT_DISCOVERY_ACROSS_FILESYSTEM not set).
2024-10-12 06:42:48.591 [info] > git rev-parse --show-toplevel [6ms]
2024-10-12 06:42:48.591 [info] fatal: not a git repository (or any parent up to mount point /)
Stopping at filesystem boundary (GIT_DISCOVERY_ACROSS_FILESYSTEM not set).
2024-10-12 06:43:02.853 [info] > git rev-parse --show-toplevel [5ms]
2024-10-12 06:43:02.853 [info] fatal: not a git repository (or any parent up to mount point /)
Stopping at filesystem boundary (GIT_DISCOVERY_ACROSS_FILESYSTEM not set).
2024-10-12 06:46:11.638 [info] > git rev-parse --show-toplevel [5ms]
2024-10-12 06:46:11.638 [info] fatal: not a git repository (or any parent up to mount point /)
Stopping at filesystem boundary (GIT_DISCOVERY_ACROSS_FILESYSTEM not set).
2024-10-12 06:46:14.049 [info] > git rev-parse --show-toplevel [4ms]
2024-10-12 06:46:14.049 [info] fatal: not a git repository (or any parent up to mount point /)
Stopping at filesystem boundary (GIT_DISCOVERY_ACROSS_FILESYSTEM not set).
2024-10-12 06:46:16.027 [info] > git rev-parse --show-toplevel [10ms]
2024-10-12 06:46:16.028 [info] fatal: not a git repository (or any parent up to mount point /)
Stopping at filesystem boundary (GIT_DISCOVERY_ACROSS_FILESYSTEM not set).
2024-10-12 06:46:28.003 [info] > git rev-parse --show-toplevel [14ms]
2024-10-12 06:46:28.003 [info] fatal: not a git repository (or any parent up to mount point /)
Stopping at filesystem boundary (GIT_DISCOVERY_ACROSS_FILESYSTEM not set).
2024-10-12 06:46:33.179 [info] > git rev-parse --show-toplevel [3ms]
2024-10-12 06:46:33.180 [info] fatal: not a git repository (or any parent up to mount point /)
Stopping at filesystem boundary (GIT_DISCOVERY_ACROSS_FILESYSTEM not set).
2024-10-12 06:46:43.818 [info] > git rev-parse --show-toplevel [11ms]
2024-10-12 06:46:43.818 [info] fatal: not a git repository (or any parent up to mount point /)
Stopping at filesystem boundary (GIT_DISCOVERY_ACROSS_FILESYSTEM not set).
2024-10-12 06:49:19.759 [info] > git rev-parse --show-toplevel [7ms]
2024-10-12 06:49:19.759 [info] fatal: not a git repository (or any parent up to mount point /)
Stopping at filesystem boundary (GIT_DISCOVERY_ACROSS_FILESYSTEM not set).
2024-10-12 06:50:04.734 [info] > git rev-parse --show-toplevel [4ms]
2024-10-12 06:50:04.734 [info] fatal: not a git repository (or any parent up to mount point /)
Stopping at filesystem boundary (GIT_DISCOVERY_ACROSS_FILESYSTEM not set).
2024-10-12 06:50:07.570 [info] > git rev-parse --show-toplevel [1ms]
2024-10-12 06:50:07.570 [info] fatal: not a git repository (or any parent up to mount point /)
Stopping at filesystem boundary (GIT_DISCOVERY_ACROSS_FILESYSTEM not set).
2024-10-12 06:50:07.778 [info] > git rev-parse --show-toplevel [16ms]
2024-10-12 06:50:07.778 [info] fatal: not a git repository (or any parent up to mount point /)
Stopping at filesystem boundary (GIT_DISCOVERY_ACROSS_FILESYSTEM not set).
2024-10-12 06:51:53.280 [info] > git rev-parse --show-toplevel [4ms]
2024-10-12 06:51:53.280 [info] fatal: not a git repository (or any parent up to mount point /)
Stopping at filesystem boundary (GIT_DISCOVERY_ACROSS_FILESYSTEM not set).
2024-10-12 06:52:29.735 [info] > git rev-parse --show-toplevel [26ms]
2024-10-12 06:52:29.735 [info] fatal: not a git repository (or any parent up to mount point /)
Stopping at filesystem boundary (GIT_DISCOVERY_ACROSS_FILESYSTEM not set).
2024-10-12 06:58:12.919 [info] > git rev-parse --show-toplevel [2ms]
2024-10-12 06:58:12.919 [info] fatal: not a git repository (or any parent up to mount point /)
Stopping at filesystem boundary (GIT_DISCOVERY_ACROSS_FILESYSTEM not set).
2024-10-12 06:58:52.977 [info] > git rev-parse --show-toplevel [3ms]
2024-10-12 06:58:52.977 [info] fatal: not a git repository (or any parent up to mount point /)
Stopping at filesystem boundary (GIT_DISCOVERY_ACROSS_FILESYSTEM not set).
2024-10-12 06:59:47.766 [info] > git rev-parse --show-toplevel [6ms]
2024-10-12 06:59:47.766 [info] fatal: not a git repository (or any parent up to mount point /)
Stopping at filesystem boundary (GIT_DISCOVERY_ACROSS_FILESYSTEM not set).
2024-10-12 07:01:14.187 [info] > git rev-parse --show-toplevel [5ms]
2024-10-12 07:01:14.187 [info] fatal: not a git repository (or any parent up to mount point /)
Stopping at filesystem boundary (GIT_DISCOVERY_ACROSS_FILESYSTEM not set).
