Initializing document watcher...
Document watcher initialized
/User/settings.json: Using EditorConfig core...
student_02_0f01c21f28a8/guestbook-frontend/pom.xml: {}
student_02_0f01c21f28a8/guestbook-frontend/pom.xml: Using EditorConfig core...
student_02_0f01c21f28a8/guestbook-frontend/pom.xml: {}
student_02_0f01c21f28a8/guestbook-frontend/pom.xml: {}
student_02_0f01c21f28a8/guestbook-frontend/pom.xml: Using EditorConfig core...
student_02_0f01c21f28a8/guestbook-frontend/pom.xml: Using EditorConfig core...
student_02_0f01c21f28a8/guestbook-frontend/pom.xml: {}
student_02_0f01c21f28a8/guestbook-frontend/pom.xml: {}
student_02_0f01c21f28a8/guestbook-frontend/pom.xml: {}
student_02_0f01c21f28a8/guestbook-frontend/src/main/java/com/example/frontend/FrontendController.java: {}
student_02_0f01c21f28a8/guestbook-frontend/src/main/java/com/example/frontend/FrontendController.java: {}
student_02_0f01c21f28a8/guestbook-frontend/src/main/java/com/example/frontend/FrontendController.java: Using EditorConfig core...
student_02_0f01c21f28a8/guestbook-frontend/src/main/java/com/example/frontend/FrontendController.java: Using EditorConfig core...
student_02_0f01c21f28a8/guestbook-frontend/src/main/java/com/example/frontend/FrontendController.java: {}
student_02_0f01c21f28a8/guestbook-frontend/src/main/java/com/example/frontend/FrontendController.java: {}
student_02_0f01c21f28a8/guestbook-frontend/src/main/java/com/example/frontend/FrontendController.java: {}
student_02_0f01c21f28a8/guestbook-frontend/src/main/java/com/example/frontend/FrontendController.java: Using EditorConfig core...
student_02_0f01c21f28a8/guestbook-frontend/src/main/java/com/example/frontend/FrontendController.java: {}
student_02_0f01c21f28a8/guestbook-frontend/src/main/java/com/example/frontend/FrontendController.java: {}
student_02_0f01c21f28a8/guestbook-frontend/src/main/java/com/example/frontend/FrontendController.java: Using EditorConfig core...
student_02_0f01c21f28a8/guestbook-frontend/src/main/java/com/example/frontend/FrontendController.java: {}
student_02_0f01c21f28a8/guestbook-frontend/src/main/java/com/example/frontend/FrontendController.java: Using EditorConfig core...
student_02_0f01c21f28a8/guestbook-frontend/src/main/java/com/example/frontend/FrontendController.java: {}
student_02_0f01c21f28a8/guestbook-frontend/src/main/java/com/example/frontend/FrontendController.java: {}
student_02_0f01c21f28a8/guestbook-frontend/src/main/java/com/example/frontend/FrontendController.java: {}
student_02_0f01c21f28a8/guestbook-frontend/src/main/java/com/example/frontend/FrontendController.java: {}
student_02_0f01c21f28a8/guestbook-frontend/src/main/java/com/example/frontend/FrontendController.java: {}
student_02_0f01c21f28a8/guestbook-frontend/src/main/java/com/example/frontend/FrontendController.java: Using EditorConfig core...
student_02_0f01c21f28a8/guestbook-frontend/src/main/java/com/example/frontend/FrontendController.java: Using EditorConfig core...
student_02_0f01c21f28a8/guestbook-frontend/src/main/java/com/example/frontend/FrontendController.java: Using EditorConfig core...
student_02_0f01c21f28a8/guestbook-frontend/src/main/java/com/example/frontend/FrontendController.java: Using EditorConfig core...
student_02_0f01c21f28a8/guestbook-frontend/src/main/java/com/example/frontend/FrontendController.java: {}
student_02_0f01c21f28a8/guestbook-frontend/pom.xml: {}
student_02_0f01c21f28a8/guestbook-frontend/pom.xml: Using EditorConfig core...
student_02_0f01c21f28a8/guestbook-frontend/pom.xml: Using EditorConfig core...
student_02_0f01c21f28a8/guestbook-frontend/src/main/java/com/example/frontend/FrontendController.java: {}
student_02_0f01c21f28a8/guestbook-frontend/src/main/java/com/example/frontend/FrontendController.java: {}
student_02_0f01c21f28a8/guestbook-frontend/src/main/java/com/example/frontend/FrontendController.java: {}
student_02_0f01c21f28a8/guestbook-frontend/src/main/java/com/example/frontend/FrontendController.java: {}
student_02_0f01c21f28a8/guestbook-frontend/src/main/java/com/example/frontend/FrontendController.java: Using EditorConfig core...
student_02_0f01c21f28a8/guestbook-frontend/src/main/java/com/example/frontend/FrontendController.java: {}
student_02_0f01c21f28a8/guestbook-frontend/src/main/java/com/example/frontend/FrontendController.java: {}
student_02_0f01c21f28a8/guestbook-frontend/src/main/java/com/example/frontend/FrontendController.java: Using EditorConfig core...
student_02_0f01c21f28a8/guestbook-frontend/mvnw: {}
student_02_0f01c21f28a8/guestbook-frontend/src/main/java/com/example/frontend/FrontendController.java: {}
student_02_0f01c21f28a8/guestbook-frontend/pom.xml: {}
student_02_0f01c21f28a8/guestbook-frontend/src/main/java/com/example/frontend/FrontendController.java: {}
student_02_0f01c21f28a8/guestbook-frontend/pom.xml: {}
student_02_0f01c21f28a8/guestbook-frontend/src/main/java/com/example/frontend/FrontendController.java: {}
student_02_0f01c21f28a8/guestbook-frontend/src/main/java/com/example/frontend/FrontendController.java: {}
student_02_0f01c21f28a8/guestbook-frontend/src/main/java/com/example/frontend/FrontendController.java: {}
student_02_0f01c21f28a8/guestbook-frontend/src/main/java/com/example/frontend/FrontendController.java: {}
student_02_0f01c21f28a8/guestbook-frontend/src/main/java/com/example/frontend/FrontendController.java: {}
student_02_0f01c21f28a8/guestbook-frontend/src/main/java/com/example/frontend/FrontendController.java: {}
student_02_0f01c21f28a8/guestbook-frontend/src/main/java/com/example/frontend/FrontendController.java: {}
student_02_0f01c21f28a8/guestbook-frontend/src/main/java/com/example/frontend/FrontendController.java: Using EditorConfig core...
/User/settings.json: Using EditorConfig core...
/User/settings.json: {}
/User/settings.json: Using EditorConfig core...
/User/settings.json: {}
/User/settings.json: Using EditorConfig core...
/User/settings.json: {}
/User/settings.json: Using EditorConfig core...
/User/settings.json: Using EditorConfig core...
student_02_0f01c21f28a8/guestbook-frontend/src/main/java/com/example/frontend/FrontendController.java: {}
student_02_0f01c21f28a8/guestbook-frontend/src/main/java/com/example/frontend/FrontendController.java: Using EditorConfig core...
student_02_0f01c21f28a8/guestbook-frontend/src/main/java/com/example/frontend/FrontendController.java: Using EditorConfig core...
student_02_0f01c21f28a8/guestbook-frontend/src/main/java/com/example/frontend/FrontendController.java: Using EditorConfig core...
student_02_0f01c21f28a8/guestbook-frontend/src/main/java/com/example/frontend/FrontendController.java: Using EditorConfig core...
student_02_0f01c21f28a8/guestbook-frontend/src/main/java/com/example/frontend/FrontendController.java: Using EditorConfig core...
student_02_0f01c21f28a8/guestbook-frontend/src/main/java/com/example/frontend/FrontendController.java: {}
student_02_0f01c21f28a8/guestbook-frontend/pom.xml: {}
student_02_0f01c21f28a8/guestbook-frontend/pom.xml: Using EditorConfig core...
student_02_0f01c21f28a8/guestbook-frontend/pom.xml: Using EditorConfig core...
student_02_0f01c21f28a8/guestbook-frontend/pom.xml: Using EditorConfig core...
student_02_0f01c21f28a8/guestbook-frontend/pom.xml: Using EditorConfig core...
student_02_0f01c21f28a8/guestbook-frontend/pom.xml: Using EditorConfig core...
student_02_0f01c21f28a8/guestbook-frontend/pom.xml: Using EditorConfig core...
student_02_0f01c21f28a8/guestbook-frontend/pom.xml: Using EditorConfig core...
student_02_0f01c21f28a8/guestbook-frontend/src/main/java/com/example/frontend/FrontendController.java: {}
student_02_0f01c21f28a8/guestbook-frontend/src/main/java/com/example/frontend/FrontendController.java: Using EditorConfig core...
student_02_0f01c21f28a8/guestbook-frontend/src/main/java/com/example/frontend/FrontendController.java: {}
student_02_0f01c21f28a8/guestbook-frontend/src/main/java/com/example/frontend/FrontendController.java: Using EditorConfig core...
student_02_0f01c21f28a8/guestbook-frontend/src/main/java/com/example/frontend/FrontendController.java: {}
student_02_0f01c21f28a8/guestbook-frontend/src/main/java/com/example/frontend/FrontendController.java: Using EditorConfig core...
student_02_0f01c21f28a8/guestbook-frontend/src/main/java/com/example/frontend/FrontendController.java: {}
student_02_0f01c21f28a8/guestbook-frontend/src/main/java/com/example/frontend/FrontendController.java: Using EditorConfig core...
student_02_0f01c21f28a8/guestbook-frontend/src/main/java/com/example/frontend/FrontendController.java: Using EditorConfig core...
student_02_0f01c21f28a8/guestbook-frontend/src/main/java/com/example/frontend/FrontendController.java: {}
student_02_0f01c21f28a8/guestbook-frontend/src/main/java/com/example/frontend/FrontendController.java: {}
student_02_0f01c21f28a8/message-processor/pom.xml: {}
student_02_0f01c21f28a8/message-processor/pom.xml: {}
student_02_0f01c21f28a8/message-processor/pom.xml: {}
student_02_0f01c21f28a8/message-processor/src/main/java/com/example/demo/DemoApplication.java: {}
student_02_0f01c21f28a8/message-processor/src/main/java/com/example/demo/DemoApplication.java: Using EditorConfig core...
student_02_0f01c21f28a8/message-processor/src/main/java/com/example/demo/DemoApplication.java: {}
student_02_0f01c21f28a8/message-processor/src/main/java/com/example/demo/DemoApplication.java: {}
student_02_0f01c21f28a8/message-processor/src/main/java/com/example/demo/DemoApplication.java: {}
student_02_0f01c21f28a8/message-processor/src/main/java/com/example/demo/DemoApplication.java: Using EditorConfig core...
student_02_0f01c21f28a8/message-processor/src/main/java/com/example/demo/DemoApplication.java: Using EditorConfig core...
student_02_0f01c21f28a8/message-processor/src/main/java/com/example/demo/DemoApplication.java: {}
student_02_0f01c21f28a8/message-processor/src/main/java/com/example/demo/DemoApplication.java: {}
student_02_0f01c21f28a8/message-processor/src/main/resources/application.properties: {}
student_02_0f01c21f28a8/message-processor/src/main/resources/application.properties: Using EditorConfig core...
student_02_0f01c21f28a8/message-processor/src/main/resources/application.properties: {}
student_02_0f01c21f28a8/message-processor/src/main/resources/application.properties: Using EditorConfig core...
