WARNING: Using incubator modules: jdk.incubator.foreign, jdk.incubator.vector
Oct 12, 2024 6:37:24 AM org.apache.aries.spifly.BaseActivator log
INFO: Registered provider ch.qos.logback.classic.servlet.LogbackServletContainerInitializer of service jakarta.servlet.ServletContainerInitializer in bundle ch.qos.logback.classic
Oct 12, 2024 6:37:24 AM org.apache.aries.spifly.BaseActivator log
INFO: Registered provider ch.qos.logback.classic.spi.LogbackServiceProvider of service org.slf4j.spi.SLF4JServiceProvider in bundle ch.qos.logback.classic
Oct 12, 2024 6:38:04 AM com.microsoft.java.debug.plugin.internal.JavaDebuggerServerPlugin start
INFO: Starting com.microsoft.java.debug.plugin
Oct 12, 2024 6:41:51 AM org.eclipse.lsp4j.jsonrpc.RemoteEndpoint fallbackResponseError
SEVERE: Internal error: java.lang.IllegalArgumentException: Document does not match the AST
java.util.concurrent.CompletionException: java.lang.IllegalArgumentException: Document does not match the AST
	at java.base/java.util.concurrent.CompletableFuture.encodeThrowable(CompletableFuture.java:315)
	at java.base/java.util.concurrent.CompletableFuture.completeThrowable(CompletableFuture.java:320)
	at java.base/java.util.concurrent.CompletableFuture$UniApply.tryFire(CompletableFuture.java:649)
	at java.base/java.util.concurrent.CompletableFuture$Completion.run(CompletableFuture.java:482)
	at java.base/java.lang.Thread.run(Thread.java:840)
Caused by: java.lang.IllegalArgumentException: Document does not match the AST
	at org.eclipse.jdt.internal.core.dom.rewrite.ASTRewriteAnalyzer.handleException(ASTRewriteAnalyzer.java:4956)
	at org.eclipse.jdt.internal.core.dom.rewrite.ASTRewriteAnalyzer.visit(ASTRewriteAnalyzer.java:2455)
	at org.eclipse.jdt.core.dom.ReturnStatement.accept0(ReturnStatement.java:126)
	at org.eclipse.jdt.core.dom.ASTNode.accept(ASTNode.java:3343)
	at org.eclipse.jdt.internal.core.dom.rewrite.ASTRewriteAnalyzer.doVisit(ASTRewriteAnalyzer.java:429)
	at org.eclipse.jdt.internal.core.dom.rewrite.ASTRewriteAnalyzer.voidVisitList(ASTRewriteAnalyzer.java:467)
	at org.eclipse.jdt.internal.core.dom.rewrite.ASTRewriteAnalyzer.voidVisit(ASTRewriteAnalyzer.java:461)
	at org.eclipse.jdt.internal.core.dom.rewrite.ASTRewriteAnalyzer.doVisitUnchangedChildren(ASTRewriteAnalyzer.java:474)
	at org.eclipse.jdt.internal.core.dom.rewrite.ASTRewriteAnalyzer.visit(ASTRewriteAnalyzer.java:2334)
	at org.eclipse.jdt.core.dom.Block.accept0(Block.java:126)
	at org.eclipse.jdt.core.dom.ASTNode.accept(ASTNode.java:3343)
	at org.eclipse.jdt.internal.core.dom.rewrite.ASTRewriteAnalyzer.voidVisit(ASTRewriteAnalyzer.java:453)
	at org.eclipse.jdt.internal.core.dom.rewrite.ASTRewriteAnalyzer.voidVisit(ASTRewriteAnalyzer.java:459)
	at org.eclipse.jdt.internal.core.dom.rewrite.ASTRewriteAnalyzer.doVisitUnchangedChildren(ASTRewriteAnalyzer.java:474)
	at org.eclipse.jdt.internal.core.dom.rewrite.ASTRewriteAnalyzer.visit(ASTRewriteAnalyzer.java:2240)
	at org.eclipse.jdt.core.dom.MethodDeclaration.accept0(MethodDeclaration.java:653)
	at org.eclipse.jdt.core.dom.ASTNode.accept(ASTNode.java:3343)
	at org.eclipse.jdt.internal.core.dom.rewrite.ASTRewriteAnalyzer.doVisit(ASTRewriteAnalyzer.java:429)
	at org.eclipse.jdt.internal.core.dom.rewrite.ASTRewriteAnalyzer.voidVisitList(ASTRewriteAnalyzer.java:467)
	at org.eclipse.jdt.internal.core.dom.rewrite.ASTRewriteAnalyzer.voidVisit(ASTRewriteAnalyzer.java:461)
	at org.eclipse.jdt.internal.core.dom.rewrite.ASTRewriteAnalyzer.doVisitUnchangedChildren(ASTRewriteAnalyzer.java:474)
	at org.eclipse.jdt.internal.core.dom.rewrite.ASTRewriteAnalyzer.visit(ASTRewriteAnalyzer.java:1915)
	at org.eclipse.jdt.core.dom.TypeDeclaration.accept0(TypeDeclaration.java:481)
	at org.eclipse.jdt.core.dom.ASTNode.accept(ASTNode.java:3343)
	at org.eclipse.jdt.internal.core.dom.rewrite.ASTRewriteAnalyzer.doVisit(ASTRewriteAnalyzer.java:429)
	at org.eclipse.jdt.internal.core.dom.rewrite.ASTRewriteAnalyzer.doVisitList(ASTRewriteAnalyzer.java:447)
	at org.eclipse.jdt.internal.core.dom.rewrite.ASTRewriteAnalyzer.doVisit(ASTRewriteAnalyzer.java:438)
	at org.eclipse.jdt.internal.core.dom.rewrite.ASTRewriteAnalyzer.rewriteParagraphList(ASTRewriteAnalyzer.java:1312)
	at org.eclipse.jdt.internal.core.dom.rewrite.ASTRewriteAnalyzer.visit(ASTRewriteAnalyzer.java:1907)
	at org.eclipse.jdt.core.dom.CompilationUnit.accept0(CompilationUnit.java:250)
	at org.eclipse.jdt.core.dom.ASTNode.accept(ASTNode.java:3343)
	at org.eclipse.jdt.core.dom.rewrite.ASTRewrite.internalRewriteAST(ASTRewrite.java:307)
	at org.eclipse.jdt.core.dom.rewrite.ASTRewrite.rewriteAST(ASTRewrite.java:296)
	at org.eclipse.jdt.internal.corext.refactoring.structure.CompilationUnitRewrite.attachChange(CompilationUnitRewrite.java:290)
	at org.eclipse.jdt.internal.corext.refactoring.structure.CompilationUnitRewrite.createChange(CompilationUnitRewrite.java:252)
	at org.eclipse.jdt.internal.corext.fix.CompilationUnitRewriteOperationsFixCore.createChange(CompilationUnitRewriteOperationsFixCore.java:126)
	at org.eclipse.jdt.ls.core.internal.corrections.proposals.ReorgCorrectionsSubProcessor.createRemoveUnusedImportProposal(ReorgCorrectionsSubProcessor.java:134)
	at org.eclipse.jdt.ls.core.internal.corrections.proposals.ReorgCorrectionsSubProcessor.createRemoveUnusedImportProposal(ReorgCorrectionsSubProcessor.java:1)
	at org.eclipse.jdt.internal.ui.text.correction.ReorgCorrectionsBaseSubProcessor.addRemoveImportStatementProposals(ReorgCorrectionsBaseSubProcessor.java:183)
	at org.eclipse.jdt.ls.core.internal.corrections.proposals.ReorgCorrectionsSubProcessor.addRemoveImportStatementProposals(ReorgCorrectionsSubProcessor.java:114)
	at org.eclipse.jdt.ls.core.internal.corrections.proposals.ReorgCorrectionsSubProcessor.removeImportStatementProposals(ReorgCorrectionsSubProcessor.java:65)
	at org.eclipse.jdt.ls.core.internal.corrections.QuickFixProcessor.process(QuickFixProcessor.java:134)
	at org.eclipse.jdt.ls.core.internal.corrections.QuickFixProcessor.getCorrections(QuickFixProcessor.java:92)
	at org.eclipse.jdt.ls.core.internal.handlers.CodeActionHandler.getCodeActionCommands(CodeActionHandler.java:186)
	at org.eclipse.jdt.ls.core.internal.handlers.JDTLanguageServer.lambda$14(JDTLanguageServer.java:753)
	at org.eclipse.jdt.ls.core.internal.BaseJDTLanguageServer.lambda$0(BaseJDTLanguageServer.java:87)
	at java.base/java.util.concurrent.CompletableFuture$UniApply.tryFire(CompletableFuture.java:646)
	... 2 more
Caused by: org.eclipse.core.runtime.CoreException: End Of File
	at org.eclipse.jdt.internal.core.dom.rewrite.TokenScanner.readNext(TokenScanner.java:95)
	at org.eclipse.jdt.internal.core.dom.rewrite.TokenScanner.readToToken(TokenScanner.java:152)
	at org.eclipse.jdt.internal.core.dom.rewrite.TokenScanner.readToToken(TokenScanner.java:165)
	at org.eclipse.jdt.internal.core.dom.rewrite.TokenScanner.getTokenEndOffset(TokenScanner.java:190)
	at org.eclipse.jdt.internal.core.dom.rewrite.ASTRewriteAnalyzer.getTokenEndOffsetFixed(ASTRewriteAnalyzer.java:790)
	at org.eclipse.jdt.internal.core.dom.rewrite.ASTRewriteAnalyzer.visit(ASTRewriteAnalyzer.java:2445)
	... 47 more

[Error - 6:41:51 AM] Request textDocument/codeAction failed.
  Message: Internal error.
  Code: -32603 
java.util.concurrent.CompletionException: java.lang.IllegalArgumentException: Document does not match the AST
	at java.base/java.util.concurrent.CompletableFuture.encodeThrowable(CompletableFuture.java:315)
	at java.base/java.util.concurrent.CompletableFuture.completeThrowable(CompletableFuture.java:320)
	at java.base/java.util.concurrent.CompletableFuture$UniApply.tryFire(CompletableFuture.java:649)
	at java.base/java.util.concurrent.CompletableFuture$Completion.run(CompletableFuture.java:482)
	at java.base/java.lang.Thread.run(Thread.java:840)
Caused by: java.lang.IllegalArgumentException: Document does not match the AST
	at org.eclipse.jdt.internal.core.dom.rewrite.ASTRewriteAnalyzer.handleException(ASTRewriteAnalyzer.java:4956)
	at org.eclipse.jdt.internal.core.dom.rewrite.ASTRewriteAnalyzer.visit(ASTRewriteAnalyzer.java:2455)
	at org.eclipse.jdt.core.dom.ReturnStatement.accept0(ReturnStatement.java:126)
	at org.eclipse.jdt.core.dom.ASTNode.accept(ASTNode.java:3343)
	at org.eclipse.jdt.internal.core.dom.rewrite.ASTRewriteAnalyzer.doVisit(ASTRewriteAnalyzer.java:429)
	at org.eclipse.jdt.internal.core.dom.rewrite.ASTRewriteAnalyzer.voidVisitList(ASTRewriteAnalyzer.java:467)
	at org.eclipse.jdt.internal.core.dom.rewrite.ASTRewriteAnalyzer.voidVisit(ASTRewriteAnalyzer.java:461)
	at org.eclipse.jdt.internal.core.dom.rewrite.ASTRewriteAnalyzer.doVisitUnchangedChildren(ASTRewriteAnalyzer.java:474)
	at org.eclipse.jdt.internal.core.dom.rewrite.ASTRewriteAnalyzer.visit(ASTRewriteAnalyzer.java:2334)
	at org.eclipse.jdt.core.dom.Block.accept0(Block.java:126)
	at org.eclipse.jdt.core.dom.ASTNode.accept(ASTNode.java:3343)
	at org.eclipse.jdt.internal.core.dom.rewrite.ASTRewriteAnalyzer.voidVisit(ASTRewriteAnalyzer.java:453)
	at org.eclipse.jdt.internal.core.dom.rewrite.ASTRewriteAnalyzer.voidVisit(ASTRewriteAnalyzer.java:459)
	at org.eclipse.jdt.internal.core.dom.rewrite.ASTRewriteAnalyzer.doVisitUnchangedChildren(ASTRewriteAnalyzer.java:474)
	at org.eclipse.jdt.internal.core.dom.rewrite.ASTRewriteAnalyzer.visit(ASTRewriteAnalyzer.java:2240)
	at org.eclipse.jdt.core.dom.MethodDeclaration.accept0(MethodDeclaration.java:653)
	at org.eclipse.jdt.core.dom.ASTNode.accept(ASTNode.java:3343)
	at org.eclipse.jdt.internal.core.dom.rewrite.ASTRewriteAnalyzer.doVisit(ASTRewriteAnalyzer.java:429)
	at org.eclipse.jdt.internal.core.dom.rewrite.ASTRewriteAnalyzer.voidVisitList(ASTRewriteAnalyzer.java:467)
	at org.eclipse.jdt.internal.core.dom.rewrite.ASTRewriteAnalyzer.voidVisit(ASTRewriteAnalyzer.java:461)
	at org.eclipse.jdt.internal.core.dom.rewrite.ASTRewriteAnalyzer.doVisitUnchangedChildren(ASTRewriteAnalyzer.java:474)
	at org.eclipse.jdt.internal.core.dom.rewrite.ASTRewriteAnalyzer.visit(ASTRewriteAnalyzer.java:1915)
	at org.eclipse.jdt.core.dom.TypeDeclaration.accept0(TypeDeclaration.java:481)
	at org.eclipse.jdt.core.dom.ASTNode.accept(ASTNode.java:3343)
	at org.eclipse.jdt.internal.core.dom.rewrite.ASTRewriteAnalyzer.doVisit(ASTRewriteAnalyzer.java:429)
	at org.eclipse.jdt.internal.core.dom.rewrite.ASTRewriteAnalyzer.doVisitList(ASTRewriteAnalyzer.java:447)
	at org.eclipse.jdt.internal.core.dom.rewrite.ASTRewriteAnalyzer.doVisit(ASTRewriteAnalyzer.java:438)
	at org.eclipse.jdt.internal.core.dom.rewrite.ASTRewriteAnalyzer.rewriteParagraphList(ASTRewriteAnalyzer.java:1312)
	at org.eclipse.jdt.internal.core.dom.rewrite.ASTRewriteAnalyzer.visit(ASTRewriteAnalyzer.java:1907)
	at org.eclipse.jdt.core.dom.CompilationUnit.accept0(CompilationUnit.java:250)
	at org.eclipse.jdt.core.dom.ASTNode.accept(ASTNode.java:3343)
	at org.eclipse.jdt.core.dom.rewrite.ASTRewrite.internalRewriteAST(ASTRewrite.java:307)
	at org.eclipse.jdt.core.dom.rewrite.ASTRewrite.rewriteAST(ASTRewrite.java:296)
	at org.eclipse.jdt.internal.corext.refactoring.structure.CompilationUnitRewrite.attachChange(CompilationUnitRewrite.java:290)
	at org.eclipse.jdt.internal.corext.refactoring.structure.CompilationUnitRewrite.createChange(CompilationUnitRewrite.java:252)
	at org.eclipse.jdt.internal.corext.fix.CompilationUnitRewriteOperationsFixCore.createChange(CompilationUnitRewriteOperationsFixCore.java:126)
	at org.eclipse.jdt.ls.core.internal.corrections.proposals.ReorgCorrectionsSubProcessor.createRemoveUnusedImportProposal(ReorgCorrectionsSubProcessor.java:134)
	at org.eclipse.jdt.ls.core.internal.corrections.proposals.ReorgCorrectionsSubProcessor.createRemoveUnusedImportProposal(ReorgCorrectionsSubProcessor.java:1)
	at org.eclipse.jdt.internal.ui.text.correction.ReorgCorrectionsBaseSubProcessor.addRemoveImportStatementProposals(ReorgCorrectionsBaseSubProcessor.java:183)
	at org.eclipse.jdt.ls.core.internal.corrections.proposals.ReorgCorrectionsSubProcessor.addRemoveImportStatementProposals(ReorgCorrectionsSubProcessor.java:114)
	at org.eclipse.jdt.ls.core.internal.corrections.proposals.ReorgCorrectionsSubProcessor.removeImportStatementProposals(ReorgCorrectionsSubProcessor.java:65)
	at org.eclipse.jdt.ls.core.internal.corrections.QuickFixProcessor.process(QuickFixProcessor.java:134)
	at org.eclipse.jdt.ls.core.internal.corrections.QuickFixProcessor.getCorrections(QuickFixProcessor.java:92)
	at org.eclipse.jdt.ls.core.internal.handlers.CodeActionHandler.getCodeActionCommands(CodeActionHandler.java:186)
	at org.eclipse.jdt.ls.core.internal.handlers.JDTLanguageServer.lambda$14(JDTLanguageServer.java:753)
	at org.eclipse.jdt.ls.core.internal.BaseJDTLanguageServer.lambda$0(BaseJDTLanguageServer.java:87)
	at java.base/java.util.concurrent.CompletableFuture$UniApply.tryFire(CompletableFuture.java:646)
	... 2 more
Caused by: org.eclipse.core.runtime.CoreException: End Of File
	at org.eclipse.jdt.internal.core.dom.rewrite.TokenScanner.readNext(TokenScanner.java:95)
	at org.eclipse.jdt.internal.core.dom.rewrite.TokenScanner.readToToken(TokenScanner.java:152)
	at org.eclipse.jdt.internal.core.dom.rewrite.TokenScanner.readToToken(TokenScanner.java:165)
	at org.eclipse.jdt.internal.core.dom.rewrite.TokenScanner.getTokenEndOffset(TokenScanner.java:190)
	at org.eclipse.jdt.internal.core.dom.rewrite.ASTRewriteAnalyzer.getTokenEndOffsetFixed(ASTRewriteAnalyzer.java:790)
	at org.eclipse.jdt.internal.core.dom.rewrite.ASTRewriteAnalyzer.visit(ASTRewriteAnalyzer.java:2445)
	... 47 more

Oct 12, 2024 6:41:51 AM org.eclipse.lsp4j.jsonrpc.RemoteEndpoint fallbackResponseError
SEVERE: Internal error: java.lang.IllegalArgumentException: Document does not match the AST
java.util.concurrent.CompletionException: java.lang.IllegalArgumentException: Document does not match the AST
	at java.base/java.util.concurrent.CompletableFuture.encodeThrowable(CompletableFuture.java:315)
	at java.base/java.util.concurrent.CompletableFuture.completeThrowable(CompletableFuture.java:320)
	at java.base/java.util.concurrent.CompletableFuture$UniApply.tryFire(CompletableFuture.java:649)
	at java.base/java.util.concurrent.CompletableFuture$Completion.run(CompletableFuture.java:482)
	at java.base/java.lang.Thread.run(Thread.java:840)
Caused by: java.lang.IllegalArgumentException: Document does not match the AST
	at org.eclipse.jdt.internal.core.dom.rewrite.ASTRewriteAnalyzer.handleException(ASTRewriteAnalyzer.java:4956)
	at org.eclipse.jdt.internal.core.dom.rewrite.ASTRewriteAnalyzer.visit(ASTRewriteAnalyzer.java:2455)
	at org.eclipse.jdt.core.dom.ReturnStatement.accept0(ReturnStatement.java:126)
	at org.eclipse.jdt.core.dom.ASTNode.accept(ASTNode.java:3343)
	at org.eclipse.jdt.internal.core.dom.rewrite.ASTRewriteAnalyzer.doVisit(ASTRewriteAnalyzer.java:429)
	at org.eclipse.jdt.internal.core.dom.rewrite.ASTRewriteAnalyzer.voidVisitList(ASTRewriteAnalyzer.java:467)
	at org.eclipse.jdt.internal.core.dom.rewrite.ASTRewriteAnalyzer.voidVisit(ASTRewriteAnalyzer.java:461)
	at org.eclipse.jdt.internal.core.dom.rewrite.ASTRewriteAnalyzer.doVisitUnchangedChildren(ASTRewriteAnalyzer.java:474)
	at org.eclipse.jdt.internal.core.dom.rewrite.ASTRewriteAnalyzer.visit(ASTRewriteAnalyzer.java:2334)
	at org.eclipse.jdt.core.dom.Block.accept0(Block.java:126)
	at org.eclipse.jdt.core.dom.ASTNode.accept(ASTNode.java:3343)
	at org.eclipse.jdt.internal.core.dom.rewrite.ASTRewriteAnalyzer.voidVisit(ASTRewriteAnalyzer.java:453)
	at org.eclipse.jdt.internal.core.dom.rewrite.ASTRewriteAnalyzer.voidVisit(ASTRewriteAnalyzer.java:459)
	at org.eclipse.jdt.internal.core.dom.rewrite.ASTRewriteAnalyzer.doVisitUnchangedChildren(ASTRewriteAnalyzer.java:474)
	at org.eclipse.jdt.internal.core.dom.rewrite.ASTRewriteAnalyzer.visit(ASTRewriteAnalyzer.java:2240)
	at org.eclipse.jdt.core.dom.MethodDeclaration.accept0(MethodDeclaration.java:653)
	at org.eclipse.jdt.core.dom.ASTNode.accept(ASTNode.java:3343)
	at org.eclipse.jdt.internal.core.dom.rewrite.ASTRewriteAnalyzer.doVisit(ASTRewriteAnalyzer.java:429)
	at org.eclipse.jdt.internal.core.dom.rewrite.ASTRewriteAnalyzer.voidVisitList(ASTRewriteAnalyzer.java:467)
	at org.eclipse.jdt.internal.core.dom.rewrite.ASTRewriteAnalyzer.voidVisit(ASTRewriteAnalyzer.java:461)
	at org.eclipse.jdt.internal.core.dom.rewrite.ASTRewriteAnalyzer.doVisitUnchangedChildren(ASTRewriteAnalyzer.java:474)
	at org.eclipse.jdt.internal.core.dom.rewrite.ASTRewriteAnalyzer.visit(ASTRewriteAnalyzer.java:1915)
	at org.eclipse.jdt.core.dom.TypeDeclaration.accept0(TypeDeclaration.java:481)
	at org.eclipse.jdt.core.dom.ASTNode.accept(ASTNode.java:3343)
	at org.eclipse.jdt.internal.core.dom.rewrite.ASTRewriteAnalyzer.doVisit(ASTRewriteAnalyzer.java:429)
	at org.eclipse.jdt.internal.core.dom.rewrite.ASTRewriteAnalyzer.doVisitList(ASTRewriteAnalyzer.java:447)
	at org.eclipse.jdt.internal.core.dom.rewrite.ASTRewriteAnalyzer.doVisit(ASTRewriteAnalyzer.java:438)
	at org.eclipse.jdt.internal.core.dom.rewrite.ASTRewriteAnalyzer.rewriteParagraphList(ASTRewriteAnalyzer.java:1312)
	at org.eclipse.jdt.internal.core.dom.rewrite.ASTRewriteAnalyzer.visit(ASTRewriteAnalyzer.java:1907)
	at org.eclipse.jdt.core.dom.CompilationUnit.accept0(CompilationUnit.java:250)
	at org.eclipse.jdt.core.dom.ASTNode.accept(ASTNode.java:3343)
	at org.eclipse.jdt.core.dom.rewrite.ASTRewrite.internalRewriteAST(ASTRewrite.java:307)
	at org.eclipse.jdt.core.dom.rewrite.ASTRewrite.rewriteAST(ASTRewrite.java:296)
	at org.eclipse.jdt.internal.corext.refactoring.structure.CompilationUnitRewrite.attachChange(CompilationUnitRewrite.java:290)
	at org.eclipse.jdt.internal.corext.refactoring.structure.CompilationUnitRewrite.createChange(CompilationUnitRewrite.java:252)
	at org.eclipse.jdt.internal.corext.fix.CompilationUnitRewriteOperationsFixCore.createChange(CompilationUnitRewriteOperationsFixCore.java:126)
	at org.eclipse.jdt.ls.core.internal.corrections.proposals.ReorgCorrectionsSubProcessor.createRemoveUnusedImportProposal(ReorgCorrectionsSubProcessor.java:134)
	at org.eclipse.jdt.ls.core.internal.corrections.proposals.ReorgCorrectionsSubProcessor.createRemoveUnusedImportProposal(ReorgCorrectionsSubProcessor.java:1)
	at org.eclipse.jdt.internal.ui.text.correction.ReorgCorrectionsBaseSubProcessor.addRemoveImportStatementProposals(ReorgCorrectionsBaseSubProcessor.java:183)
	at org.eclipse.jdt.ls.core.internal.corrections.proposals.ReorgCorrectionsSubProcessor.addRemoveImportStatementProposals(ReorgCorrectionsSubProcessor.java:114)
	at org.eclipse.jdt.ls.core.internal.corrections.proposals.ReorgCorrectionsSubProcessor.removeImportStatementProposals(ReorgCorrectionsSubProcessor.java:65)
	at org.eclipse.jdt.ls.core.internal.corrections.QuickFixProcessor.process(QuickFixProcessor.java:134)
	at org.eclipse.jdt.ls.core.internal.corrections.QuickFixProcessor.getCorrections(QuickFixProcessor.java:92)
	at org.eclipse.jdt.ls.core.internal.handlers.CodeActionHandler.getCodeActionCommands(CodeActionHandler.java:186)
	at org.eclipse.jdt.ls.core.internal.handlers.JDTLanguageServer.lambda$14(JDTLanguageServer.java:753)
	at org.eclipse.jdt.ls.core.internal.BaseJDTLanguageServer.lambda$0(BaseJDTLanguageServer.java:87)
	at java.base/java.util.concurrent.CompletableFuture$UniApply.tryFire(CompletableFuture.java:646)
	... 2 more
Caused by: org.eclipse.core.runtime.CoreException: End Of File
	at org.eclipse.jdt.internal.core.dom.rewrite.TokenScanner.readNext(TokenScanner.java:95)
	at org.eclipse.jdt.internal.core.dom.rewrite.TokenScanner.readToToken(TokenScanner.java:152)
	at org.eclipse.jdt.internal.core.dom.rewrite.TokenScanner.readToToken(TokenScanner.java:165)
	at org.eclipse.jdt.internal.core.dom.rewrite.TokenScanner.getTokenEndOffset(TokenScanner.java:190)
	at org.eclipse.jdt.internal.core.dom.rewrite.ASTRewriteAnalyzer.getTokenEndOffsetFixed(ASTRewriteAnalyzer.java:790)
	at org.eclipse.jdt.internal.core.dom.rewrite.ASTRewriteAnalyzer.visit(ASTRewriteAnalyzer.java:2445)
	... 47 more

[Error - 6:41:51 AM] Request textDocument/codeAction failed.
  Message: Internal error.
  Code: -32603 
java.util.concurrent.CompletionException: java.lang.IllegalArgumentException: Document does not match the AST
	at java.base/java.util.concurrent.CompletableFuture.encodeThrowable(CompletableFuture.java:315)
	at java.base/java.util.concurrent.CompletableFuture.completeThrowable(CompletableFuture.java:320)
	at java.base/java.util.concurrent.CompletableFuture$UniApply.tryFire(CompletableFuture.java:649)
	at java.base/java.util.concurrent.CompletableFuture$Completion.run(CompletableFuture.java:482)
	at java.base/java.lang.Thread.run(Thread.java:840)
Caused by: java.lang.IllegalArgumentException: Document does not match the AST
	at org.eclipse.jdt.internal.core.dom.rewrite.ASTRewriteAnalyzer.handleException(ASTRewriteAnalyzer.java:4956)
	at org.eclipse.jdt.internal.core.dom.rewrite.ASTRewriteAnalyzer.visit(ASTRewriteAnalyzer.java:2455)
	at org.eclipse.jdt.core.dom.ReturnStatement.accept0(ReturnStatement.java:126)
	at org.eclipse.jdt.core.dom.ASTNode.accept(ASTNode.java:3343)
	at org.eclipse.jdt.internal.core.dom.rewrite.ASTRewriteAnalyzer.doVisit(ASTRewriteAnalyzer.java:429)
	at org.eclipse.jdt.internal.core.dom.rewrite.ASTRewriteAnalyzer.voidVisitList(ASTRewriteAnalyzer.java:467)
	at org.eclipse.jdt.internal.core.dom.rewrite.ASTRewriteAnalyzer.voidVisit(ASTRewriteAnalyzer.java:461)
	at org.eclipse.jdt.internal.core.dom.rewrite.ASTRewriteAnalyzer.doVisitUnchangedChildren(ASTRewriteAnalyzer.java:474)
	at org.eclipse.jdt.internal.core.dom.rewrite.ASTRewriteAnalyzer.visit(ASTRewriteAnalyzer.java:2334)
	at org.eclipse.jdt.core.dom.Block.accept0(Block.java:126)
	at org.eclipse.jdt.core.dom.ASTNode.accept(ASTNode.java:3343)
	at org.eclipse.jdt.internal.core.dom.rewrite.ASTRewriteAnalyzer.voidVisit(ASTRewriteAnalyzer.java:453)
	at org.eclipse.jdt.internal.core.dom.rewrite.ASTRewriteAnalyzer.voidVisit(ASTRewriteAnalyzer.java:459)
	at org.eclipse.jdt.internal.core.dom.rewrite.ASTRewriteAnalyzer.doVisitUnchangedChildren(ASTRewriteAnalyzer.java:474)
	at org.eclipse.jdt.internal.core.dom.rewrite.ASTRewriteAnalyzer.visit(ASTRewriteAnalyzer.java:2240)
	at org.eclipse.jdt.core.dom.MethodDeclaration.accept0(MethodDeclaration.java:653)
	at org.eclipse.jdt.core.dom.ASTNode.accept(ASTNode.java:3343)
	at org.eclipse.jdt.internal.core.dom.rewrite.ASTRewriteAnalyzer.doVisit(ASTRewriteAnalyzer.java:429)
	at org.eclipse.jdt.internal.core.dom.rewrite.ASTRewriteAnalyzer.voidVisitList(ASTRewriteAnalyzer.java:467)
	at org.eclipse.jdt.internal.core.dom.rewrite.ASTRewriteAnalyzer.voidVisit(ASTRewriteAnalyzer.java:461)
	at org.eclipse.jdt.internal.core.dom.rewrite.ASTRewriteAnalyzer.doVisitUnchangedChildren(ASTRewriteAnalyzer.java:474)
	at org.eclipse.jdt.internal.core.dom.rewrite.ASTRewriteAnalyzer.visit(ASTRewriteAnalyzer.java:1915)
	at org.eclipse.jdt.core.dom.TypeDeclaration.accept0(TypeDeclaration.java:481)
	at org.eclipse.jdt.core.dom.ASTNode.accept(ASTNode.java:3343)
	at org.eclipse.jdt.internal.core.dom.rewrite.ASTRewriteAnalyzer.doVisit(ASTRewriteAnalyzer.java:429)
	at org.eclipse.jdt.internal.core.dom.rewrite.ASTRewriteAnalyzer.doVisitList(ASTRewriteAnalyzer.java:447)
	at org.eclipse.jdt.internal.core.dom.rewrite.ASTRewriteAnalyzer.doVisit(ASTRewriteAnalyzer.java:438)
	at org.eclipse.jdt.internal.core.dom.rewrite.ASTRewriteAnalyzer.rewriteParagraphList(ASTRewriteAnalyzer.java:1312)
	at org.eclipse.jdt.internal.core.dom.rewrite.ASTRewriteAnalyzer.visit(ASTRewriteAnalyzer.java:1907)
	at org.eclipse.jdt.core.dom.CompilationUnit.accept0(CompilationUnit.java:250)
	at org.eclipse.jdt.core.dom.ASTNode.accept(ASTNode.java:3343)
	at org.eclipse.jdt.core.dom.rewrite.ASTRewrite.internalRewriteAST(ASTRewrite.java:307)
	at org.eclipse.jdt.core.dom.rewrite.ASTRewrite.rewriteAST(ASTRewrite.java:296)
	at org.eclipse.jdt.internal.corext.refactoring.structure.CompilationUnitRewrite.attachChange(CompilationUnitRewrite.java:290)
	at org.eclipse.jdt.internal.corext.refactoring.structure.CompilationUnitRewrite.createChange(CompilationUnitRewrite.java:252)
	at org.eclipse.jdt.internal.corext.fix.CompilationUnitRewriteOperationsFixCore.createChange(CompilationUnitRewriteOperationsFixCore.java:126)
	at org.eclipse.jdt.ls.core.internal.corrections.proposals.ReorgCorrectionsSubProcessor.createRemoveUnusedImportProposal(ReorgCorrectionsSubProcessor.java:134)
	at org.eclipse.jdt.ls.core.internal.corrections.proposals.ReorgCorrectionsSubProcessor.createRemoveUnusedImportProposal(ReorgCorrectionsSubProcessor.java:1)
	at org.eclipse.jdt.internal.ui.text.correction.ReorgCorrectionsBaseSubProcessor.addRemoveImportStatementProposals(ReorgCorrectionsBaseSubProcessor.java:183)
	at org.eclipse.jdt.ls.core.internal.corrections.proposals.ReorgCorrectionsSubProcessor.addRemoveImportStatementProposals(ReorgCorrectionsSubProcessor.java:114)
	at org.eclipse.jdt.ls.core.internal.corrections.proposals.ReorgCorrectionsSubProcessor.removeImportStatementProposals(ReorgCorrectionsSubProcessor.java:65)
	at org.eclipse.jdt.ls.core.internal.corrections.QuickFixProcessor.process(QuickFixProcessor.java:134)
	at org.eclipse.jdt.ls.core.internal.corrections.QuickFixProcessor.getCorrections(QuickFixProcessor.java:92)
	at org.eclipse.jdt.ls.core.internal.handlers.CodeActionHandler.getCodeActionCommands(CodeActionHandler.java:186)
	at org.eclipse.jdt.ls.core.internal.handlers.JDTLanguageServer.lambda$14(JDTLanguageServer.java:753)
	at org.eclipse.jdt.ls.core.internal.BaseJDTLanguageServer.lambda$0(BaseJDTLanguageServer.java:87)
	at java.base/java.util.concurrent.CompletableFuture$UniApply.tryFire(CompletableFuture.java:646)
	... 2 more
Caused by: org.eclipse.core.runtime.CoreException: End Of File
	at org.eclipse.jdt.internal.core.dom.rewrite.TokenScanner.readNext(TokenScanner.java:95)
	at org.eclipse.jdt.internal.core.dom.rewrite.TokenScanner.readToToken(TokenScanner.java:152)
	at org.eclipse.jdt.internal.core.dom.rewrite.TokenScanner.readToToken(TokenScanner.java:165)
	at org.eclipse.jdt.internal.core.dom.rewrite.TokenScanner.getTokenEndOffset(TokenScanner.java:190)
	at org.eclipse.jdt.internal.core.dom.rewrite.ASTRewriteAnalyzer.getTokenEndOffsetFixed(ASTRewriteAnalyzer.java:790)
	at org.eclipse.jdt.internal.core.dom.rewrite.ASTRewriteAnalyzer.visit(ASTRewriteAnalyzer.java:2445)
	... 47 more

Oct 12, 2024 6:41:59 AM org.eclipse.lsp4j.jsonrpc.RemoteEndpoint fallbackResponseError
SEVERE: Internal error: java.lang.IllegalArgumentException: Document does not match the AST
java.util.concurrent.CompletionException: java.lang.IllegalArgumentException: Document does not match the AST
	at java.base/java.util.concurrent.CompletableFuture.encodeThrowable(CompletableFuture.java:315)
	at java.base/java.util.concurrent.CompletableFuture.completeThrowable(CompletableFuture.java:320)
	at java.base/java.util.concurrent.CompletableFuture$UniApply.tryFire(CompletableFuture.java:649)
	at java.base/java.util.concurrent.CompletableFuture$Completion.run(CompletableFuture.java:482)
	at java.base/java.lang.Thread.run(Thread.java:840)
Caused by: java.lang.IllegalArgumentException: Document does not match the AST
	at org.eclipse.jdt.internal.core.dom.rewrite.ASTRewriteAnalyzer.handleException(ASTRewriteAnalyzer.java:4956)
	at org.eclipse.jdt.internal.core.dom.rewrite.ASTRewriteAnalyzer.visit(ASTRewriteAnalyzer.java:2455)
	at org.eclipse.jdt.core.dom.ReturnStatement.accept0(ReturnStatement.java:126)
	at org.eclipse.jdt.core.dom.ASTNode.accept(ASTNode.java:3343)
	at org.eclipse.jdt.internal.core.dom.rewrite.ASTRewriteAnalyzer.doVisit(ASTRewriteAnalyzer.java:429)
	at org.eclipse.jdt.internal.core.dom.rewrite.ASTRewriteAnalyzer.voidVisitList(ASTRewriteAnalyzer.java:467)
	at org.eclipse.jdt.internal.core.dom.rewrite.ASTRewriteAnalyzer.voidVisit(ASTRewriteAnalyzer.java:461)
	at org.eclipse.jdt.internal.core.dom.rewrite.ASTRewriteAnalyzer.doVisitUnchangedChildren(ASTRewriteAnalyzer.java:474)
	at org.eclipse.jdt.internal.core.dom.rewrite.ASTRewriteAnalyzer.visit(ASTRewriteAnalyzer.java:2334)
	at org.eclipse.jdt.core.dom.Block.accept0(Block.java:126)
	at org.eclipse.jdt.core.dom.ASTNode.accept(ASTNode.java:3343)
	at org.eclipse.jdt.internal.core.dom.rewrite.ASTRewriteAnalyzer.voidVisit(ASTRewriteAnalyzer.java:453)
	at org.eclipse.jdt.internal.core.dom.rewrite.ASTRewriteAnalyzer.voidVisit(ASTRewriteAnalyzer.java:459)
	at org.eclipse.jdt.internal.core.dom.rewrite.ASTRewriteAnalyzer.doVisitUnchangedChildren(ASTRewriteAnalyzer.java:474)
	at org.eclipse.jdt.internal.core.dom.rewrite.ASTRewriteAnalyzer.visit(ASTRewriteAnalyzer.java:2240)
	at org.eclipse.jdt.core.dom.MethodDeclaration.accept0(MethodDeclaration.java:653)
	at org.eclipse.jdt.core.dom.ASTNode.accept(ASTNode.java:3343)
	at org.eclipse.jdt.internal.core.dom.rewrite.ASTRewriteAnalyzer.doVisit(ASTRewriteAnalyzer.java:429)
	at org.eclipse.jdt.internal.core.dom.rewrite.ASTRewriteAnalyzer.voidVisitList(ASTRewriteAnalyzer.java:467)
	at org.eclipse.jdt.internal.core.dom.rewrite.ASTRewriteAnalyzer.voidVisit(ASTRewriteAnalyzer.java:461)
	at org.eclipse.jdt.internal.core.dom.rewrite.ASTRewriteAnalyzer.doVisitUnchangedChildren(ASTRewriteAnalyzer.java:474)
	at org.eclipse.jdt.internal.core.dom.rewrite.ASTRewriteAnalyzer.visit(ASTRewriteAnalyzer.java:1915)
	at org.eclipse.jdt.core.dom.TypeDeclaration.accept0(TypeDeclaration.java:481)
	at org.eclipse.jdt.core.dom.ASTNode.accept(ASTNode.java:3343)
	at org.eclipse.jdt.internal.core.dom.rewrite.ASTRewriteAnalyzer.doVisit(ASTRewriteAnalyzer.java:429)
	at org.eclipse.jdt.internal.core.dom.rewrite.ASTRewriteAnalyzer.doVisitList(ASTRewriteAnalyzer.java:447)
	at org.eclipse.jdt.internal.core.dom.rewrite.ASTRewriteAnalyzer.doVisit(ASTRewriteAnalyzer.java:438)
	at org.eclipse.jdt.internal.core.dom.rewrite.ASTRewriteAnalyzer.rewriteParagraphList(ASTRewriteAnalyzer.java:1312)
	at org.eclipse.jdt.internal.core.dom.rewrite.ASTRewriteAnalyzer.visit(ASTRewriteAnalyzer.java:1907)
	at org.eclipse.jdt.core.dom.CompilationUnit.accept0(CompilationUnit.java:250)
	at org.eclipse.jdt.core.dom.ASTNode.accept(ASTNode.java:3343)
	at org.eclipse.jdt.core.dom.rewrite.ASTRewrite.internalRewriteAST(ASTRewrite.java:307)
	at org.eclipse.jdt.core.dom.rewrite.ASTRewrite.rewriteAST(ASTRewrite.java:296)
	at org.eclipse.jdt.internal.corext.refactoring.structure.CompilationUnitRewrite.attachChange(CompilationUnitRewrite.java:290)
	at org.eclipse.jdt.internal.corext.refactoring.structure.CompilationUnitRewrite.createChange(CompilationUnitRewrite.java:252)
	at org.eclipse.jdt.internal.corext.fix.CompilationUnitRewriteOperationsFixCore.createChange(CompilationUnitRewriteOperationsFixCore.java:126)
	at org.eclipse.jdt.ls.core.internal.corrections.proposals.ReorgCorrectionsSubProcessor.createRemoveUnusedImportProposal(ReorgCorrectionsSubProcessor.java:134)
	at org.eclipse.jdt.ls.core.internal.corrections.proposals.ReorgCorrectionsSubProcessor.createRemoveUnusedImportProposal(ReorgCorrectionsSubProcessor.java:1)
	at org.eclipse.jdt.internal.ui.text.correction.ReorgCorrectionsBaseSubProcessor.addRemoveImportStatementProposals(ReorgCorrectionsBaseSubProcessor.java:183)
	at org.eclipse.jdt.ls.core.internal.corrections.proposals.ReorgCorrectionsSubProcessor.addRemoveImportStatementProposals(ReorgCorrectionsSubProcessor.java:114)
	at org.eclipse.jdt.ls.core.internal.corrections.proposals.ReorgCorrectionsSubProcessor.removeImportStatementProposals(ReorgCorrectionsSubProcessor.java:65)
	at org.eclipse.jdt.ls.core.internal.corrections.QuickFixProcessor.process(QuickFixProcessor.java:134)
	at org.eclipse.jdt.ls.core.internal.corrections.QuickFixProcessor.getCorrections(QuickFixProcessor.java:92)
	at org.eclipse.jdt.ls.core.internal.handlers.CodeActionHandler.getCodeActionCommands(CodeActionHandler.java:186)
	at org.eclipse.jdt.ls.core.internal.handlers.JDTLanguageServer.lambda$14(JDTLanguageServer.java:753)
	at org.eclipse.jdt.ls.core.internal.BaseJDTLanguageServer.lambda$0(BaseJDTLanguageServer.java:87)
	at java.base/java.util.concurrent.CompletableFuture$UniApply.tryFire(CompletableFuture.java:646)
	... 2 more
Caused by: org.eclipse.core.runtime.CoreException: End Of File
	at org.eclipse.jdt.internal.core.dom.rewrite.TokenScanner.readNext(TokenScanner.java:95)
	at org.eclipse.jdt.internal.core.dom.rewrite.TokenScanner.readToToken(TokenScanner.java:152)
	at org.eclipse.jdt.internal.core.dom.rewrite.TokenScanner.readToToken(TokenScanner.java:165)
	at org.eclipse.jdt.internal.core.dom.rewrite.TokenScanner.getTokenEndOffset(TokenScanner.java:190)
	at org.eclipse.jdt.internal.core.dom.rewrite.ASTRewriteAnalyzer.getTokenEndOffsetFixed(ASTRewriteAnalyzer.java:790)
	at org.eclipse.jdt.internal.core.dom.rewrite.ASTRewriteAnalyzer.visit(ASTRewriteAnalyzer.java:2445)
	... 47 more

[Error - 6:41:59 AM] Request textDocument/codeAction failed.
  Message: Internal error.
  Code: -32603 
java.util.concurrent.CompletionException: java.lang.IllegalArgumentException: Document does not match the AST
	at java.base/java.util.concurrent.CompletableFuture.encodeThrowable(CompletableFuture.java:315)
	at java.base/java.util.concurrent.CompletableFuture.completeThrowable(CompletableFuture.java:320)
	at java.base/java.util.concurrent.CompletableFuture$UniApply.tryFire(CompletableFuture.java:649)
	at java.base/java.util.concurrent.CompletableFuture$Completion.run(CompletableFuture.java:482)
	at java.base/java.lang.Thread.run(Thread.java:840)
Caused by: java.lang.IllegalArgumentException: Document does not match the AST
	at org.eclipse.jdt.internal.core.dom.rewrite.ASTRewriteAnalyzer.handleException(ASTRewriteAnalyzer.java:4956)
	at org.eclipse.jdt.internal.core.dom.rewrite.ASTRewriteAnalyzer.visit(ASTRewriteAnalyzer.java:2455)
	at org.eclipse.jdt.core.dom.ReturnStatement.accept0(ReturnStatement.java:126)
	at org.eclipse.jdt.core.dom.ASTNode.accept(ASTNode.java:3343)
	at org.eclipse.jdt.internal.core.dom.rewrite.ASTRewriteAnalyzer.doVisit(ASTRewriteAnalyzer.java:429)
	at org.eclipse.jdt.internal.core.dom.rewrite.ASTRewriteAnalyzer.voidVisitList(ASTRewriteAnalyzer.java:467)
	at org.eclipse.jdt.internal.core.dom.rewrite.ASTRewriteAnalyzer.voidVisit(ASTRewriteAnalyzer.java:461)
	at org.eclipse.jdt.internal.core.dom.rewrite.ASTRewriteAnalyzer.doVisitUnchangedChildren(ASTRewriteAnalyzer.java:474)
	at org.eclipse.jdt.internal.core.dom.rewrite.ASTRewriteAnalyzer.visit(ASTRewriteAnalyzer.java:2334)
	at org.eclipse.jdt.core.dom.Block.accept0(Block.java:126)
	at org.eclipse.jdt.core.dom.ASTNode.accept(ASTNode.java:3343)
	at org.eclipse.jdt.internal.core.dom.rewrite.ASTRewriteAnalyzer.voidVisit(ASTRewriteAnalyzer.java:453)
	at org.eclipse.jdt.internal.core.dom.rewrite.ASTRewriteAnalyzer.voidVisit(ASTRewriteAnalyzer.java:459)
	at org.eclipse.jdt.internal.core.dom.rewrite.ASTRewriteAnalyzer.doVisitUnchangedChildren(ASTRewriteAnalyzer.java:474)
	at org.eclipse.jdt.internal.core.dom.rewrite.ASTRewriteAnalyzer.visit(ASTRewriteAnalyzer.java:2240)
	at org.eclipse.jdt.core.dom.MethodDeclaration.accept0(MethodDeclaration.java:653)
	at org.eclipse.jdt.core.dom.ASTNode.accept(ASTNode.java:3343)
	at org.eclipse.jdt.internal.core.dom.rewrite.ASTRewriteAnalyzer.doVisit(ASTRewriteAnalyzer.java:429)
	at org.eclipse.jdt.internal.core.dom.rewrite.ASTRewriteAnalyzer.voidVisitList(ASTRewriteAnalyzer.java:467)
	at org.eclipse.jdt.internal.core.dom.rewrite.ASTRewriteAnalyzer.voidVisit(ASTRewriteAnalyzer.java:461)
	at org.eclipse.jdt.internal.core.dom.rewrite.ASTRewriteAnalyzer.doVisitUnchangedChildren(ASTRewriteAnalyzer.java:474)
	at org.eclipse.jdt.internal.core.dom.rewrite.ASTRewriteAnalyzer.visit(ASTRewriteAnalyzer.java:1915)
	at org.eclipse.jdt.core.dom.TypeDeclaration.accept0(TypeDeclaration.java:481)
	at org.eclipse.jdt.core.dom.ASTNode.accept(ASTNode.java:3343)
	at org.eclipse.jdt.internal.core.dom.rewrite.ASTRewriteAnalyzer.doVisit(ASTRewriteAnalyzer.java:429)
	at org.eclipse.jdt.internal.core.dom.rewrite.ASTRewriteAnalyzer.doVisitList(ASTRewriteAnalyzer.java:447)
	at org.eclipse.jdt.internal.core.dom.rewrite.ASTRewriteAnalyzer.doVisit(ASTRewriteAnalyzer.java:438)
	at org.eclipse.jdt.internal.core.dom.rewrite.ASTRewriteAnalyzer.rewriteParagraphList(ASTRewriteAnalyzer.java:1312)
	at org.eclipse.jdt.internal.core.dom.rewrite.ASTRewriteAnalyzer.visit(ASTRewriteAnalyzer.java:1907)
	at org.eclipse.jdt.core.dom.CompilationUnit.accept0(CompilationUnit.java:250)
	at org.eclipse.jdt.core.dom.ASTNode.accept(ASTNode.java:3343)
	at org.eclipse.jdt.core.dom.rewrite.ASTRewrite.internalRewriteAST(ASTRewrite.java:307)
	at org.eclipse.jdt.core.dom.rewrite.ASTRewrite.rewriteAST(ASTRewrite.java:296)
	at org.eclipse.jdt.internal.corext.refactoring.structure.CompilationUnitRewrite.attachChange(CompilationUnitRewrite.java:290)
	at org.eclipse.jdt.internal.corext.refactoring.structure.CompilationUnitRewrite.createChange(CompilationUnitRewrite.java:252)
	at org.eclipse.jdt.internal.corext.fix.CompilationUnitRewriteOperationsFixCore.createChange(CompilationUnitRewriteOperationsFixCore.java:126)
	at org.eclipse.jdt.ls.core.internal.corrections.proposals.ReorgCorrectionsSubProcessor.createRemoveUnusedImportProposal(ReorgCorrectionsSubProcessor.java:134)
	at org.eclipse.jdt.ls.core.internal.corrections.proposals.ReorgCorrectionsSubProcessor.createRemoveUnusedImportProposal(ReorgCorrectionsSubProcessor.java:1)
	at org.eclipse.jdt.internal.ui.text.correction.ReorgCorrectionsBaseSubProcessor.addRemoveImportStatementProposals(ReorgCorrectionsBaseSubProcessor.java:183)
	at org.eclipse.jdt.ls.core.internal.corrections.proposals.ReorgCorrectionsSubProcessor.addRemoveImportStatementProposals(ReorgCorrectionsSubProcessor.java:114)
	at org.eclipse.jdt.ls.core.internal.corrections.proposals.ReorgCorrectionsSubProcessor.removeImportStatementProposals(ReorgCorrectionsSubProcessor.java:65)
	at org.eclipse.jdt.ls.core.internal.corrections.QuickFixProcessor.process(QuickFixProcessor.java:134)
	at org.eclipse.jdt.ls.core.internal.corrections.QuickFixProcessor.getCorrections(QuickFixProcessor.java:92)
	at org.eclipse.jdt.ls.core.internal.handlers.CodeActionHandler.getCodeActionCommands(CodeActionHandler.java:186)
	at org.eclipse.jdt.ls.core.internal.handlers.JDTLanguageServer.lambda$14(JDTLanguageServer.java:753)
	at org.eclipse.jdt.ls.core.internal.BaseJDTLanguageServer.lambda$0(BaseJDTLanguageServer.java:87)
	at java.base/java.util.concurrent.CompletableFuture$UniApply.tryFire(CompletableFuture.java:646)
	... 2 more
Caused by: org.eclipse.core.runtime.CoreException: End Of File
	at org.eclipse.jdt.internal.core.dom.rewrite.TokenScanner.readNext(TokenScanner.java:95)
	at org.eclipse.jdt.internal.core.dom.rewrite.TokenScanner.readToToken(TokenScanner.java:152)
	at org.eclipse.jdt.internal.core.dom.rewrite.TokenScanner.readToToken(TokenScanner.java:165)
	at org.eclipse.jdt.internal.core.dom.rewrite.TokenScanner.getTokenEndOffset(TokenScanner.java:190)
	at org.eclipse.jdt.internal.core.dom.rewrite.ASTRewriteAnalyzer.getTokenEndOffsetFixed(ASTRewriteAnalyzer.java:790)
	at org.eclipse.jdt.internal.core.dom.rewrite.ASTRewriteAnalyzer.visit(ASTRewriteAnalyzer.java:2445)
	... 47 more

[Error - 6:42:03 AM] Oct 12, 2024, 6:42:03 AM JavaBuilder handling ImageBuilderInternalException while building: jdt.ls-java-project
'8lDY' is not a valid Java identifier
Java Model Exception: Error in Java Model (code -1): '8lDY' is not a valid Java identifier
	at org.eclipse.jdt.internal.core.JavaElement.newJavaModelException(JavaElement.java:574)
	at org.eclipse.jdt.internal.core.Openable.generateInfos(Openable.java:233)
	at org.eclipse.jdt.internal.core.SourceRefElement.generateInfos(SourceRefElement.java:128)
	at org.eclipse.jdt.internal.core.JavaElement.openWhenClosed(JavaElement.java:585)
	at org.eclipse.jdt.internal.core.JavaElement.getElementInfo(JavaElement.java:308)
	at org.eclipse.jdt.internal.core.JavaElement.getElementInfo(JavaElement.java:294)
	at org.eclipse.jdt.internal.core.Member.getNameRange(Member.java:399)
	at org.eclipse.jdt.internal.core.builder.AbstractImageBuilder.createProblemFor(AbstractImageBuilder.java:443)
	at org.eclipse.jdt.internal.core.builder.AbstractImageBuilder.acceptResult(AbstractImageBuilder.java:194)
	at org.eclipse.jdt.internal.compiler.Compiler.processCompiledUnits(Compiler.java:614)
	at org.eclipse.jdt.internal.compiler.Compiler.compile(Compiler.java:474)
	at org.eclipse.jdt.internal.compiler.Compiler.compile(Compiler.java:425)
	at org.eclipse.jdt.internal.core.builder.AbstractImageBuilder.compile(AbstractImageBuilder.java:410)
	at org.eclipse.jdt.internal.core.builder.IncrementalImageBuilder.compile(IncrementalImageBuilder.java:370)
	at org.eclipse.jdt.internal.core.builder.AbstractImageBuilder.compile(AbstractImageBuilder.java:341)
	at org.eclipse.jdt.internal.core.builder.IncrementalImageBuilder.incrementalBuildLoop(IncrementalImageBuilder.java:190)
	at org.eclipse.jdt.internal.core.builder.IncrementalImageBuilder.build(IncrementalImageBuilder.java:147)
	at org.eclipse.jdt.internal.core.builder.JavaBuilder.buildDeltas(JavaBuilder.java:304)
	at org.eclipse.jdt.internal.core.builder.JavaBuilder.build(JavaBuilder.java:221)
	at org.eclipse.core.internal.events.BuildManager$2.run(BuildManager.java:1077)
	at org.eclipse.core.runtime.SafeRunner.run(SafeRunner.java:47)
	at org.eclipse.core.internal.events.BuildManager.basicBuild(BuildManager.java:296)
	at org.eclipse.core.internal.events.BuildManager.basicBuild(BuildManager.java:352)
	at org.eclipse.core.internal.events.BuildManager$1.run(BuildManager.java:441)
	at org.eclipse.core.runtime.SafeRunner.run(SafeRunner.java:47)
	at org.eclipse.core.internal.events.BuildManager.basicBuild(BuildManager.java:444)
	at org.eclipse.core.internal.events.BuildManager.basicBuildLoop(BuildManager.java:555)
	at org.eclipse.core.internal.events.BuildManager.basicBuildLoop(BuildManager.java:503)
	at org.eclipse.core.internal.events.BuildManager.build(BuildManager.java:585)
	at org.eclipse.core.internal.events.AutoBuildJob.doBuild(AutoBuildJob.java:207)
	at org.eclipse.core.internal.events.AutoBuildJob.run(AutoBuildJob.java:300)
	at org.eclipse.core.internal.jobs.Worker.run(Worker.java:63)

[Error - 6:43:45 AM] Oct 12, 2024, 6:43:45 AM JavaBuilder handling ImageBuilderInternalException while building: jdt.ls-java-project
'29iV' is not a valid Java identifier
Java Model Exception: Error in Java Model (code -1): '29iV' is not a valid Java identifier
	at org.eclipse.jdt.internal.core.JavaElement.newJavaModelException(JavaElement.java:574)
	at org.eclipse.jdt.internal.core.Openable.generateInfos(Openable.java:233)
	at org.eclipse.jdt.internal.core.SourceRefElement.generateInfos(SourceRefElement.java:128)
	at org.eclipse.jdt.internal.core.JavaElement.openWhenClosed(JavaElement.java:585)
	at org.eclipse.jdt.internal.core.JavaElement.getElementInfo(JavaElement.java:308)
	at org.eclipse.jdt.internal.core.JavaElement.getElementInfo(JavaElement.java:294)
	at org.eclipse.jdt.internal.core.Member.getNameRange(Member.java:399)
	at org.eclipse.jdt.internal.core.builder.AbstractImageBuilder.createProblemFor(AbstractImageBuilder.java:443)
	at org.eclipse.jdt.internal.core.builder.AbstractImageBuilder.acceptResult(AbstractImageBuilder.java:194)
	at org.eclipse.jdt.internal.compiler.Compiler.processCompiledUnits(Compiler.java:614)
	at org.eclipse.jdt.internal.compiler.Compiler.compile(Compiler.java:474)
	at org.eclipse.jdt.internal.compiler.Compiler.compile(Compiler.java:425)
	at org.eclipse.jdt.internal.core.builder.AbstractImageBuilder.compile(AbstractImageBuilder.java:410)
	at org.eclipse.jdt.internal.core.builder.IncrementalImageBuilder.compile(IncrementalImageBuilder.java:370)
	at org.eclipse.jdt.internal.core.builder.AbstractImageBuilder.compile(AbstractImageBuilder.java:341)
	at org.eclipse.jdt.internal.core.builder.IncrementalImageBuilder.incrementalBuildLoop(IncrementalImageBuilder.java:190)
	at org.eclipse.jdt.internal.core.builder.IncrementalImageBuilder.build(IncrementalImageBuilder.java:147)
	at org.eclipse.jdt.internal.core.builder.JavaBuilder.buildDeltas(JavaBuilder.java:304)
	at org.eclipse.jdt.internal.core.builder.JavaBuilder.build(JavaBuilder.java:221)
	at org.eclipse.core.internal.events.BuildManager$2.run(BuildManager.java:1077)
	at org.eclipse.core.runtime.SafeRunner.run(SafeRunner.java:47)
	at org.eclipse.core.internal.events.BuildManager.basicBuild(BuildManager.java:296)
	at org.eclipse.core.internal.events.BuildManager.basicBuild(BuildManager.java:352)
	at org.eclipse.core.internal.events.BuildManager$1.run(BuildManager.java:441)
	at org.eclipse.core.runtime.SafeRunner.run(SafeRunner.java:47)
	at org.eclipse.core.internal.events.BuildManager.basicBuild(BuildManager.java:444)
	at org.eclipse.core.internal.events.BuildManager.basicBuildLoop(BuildManager.java:555)
	at org.eclipse.core.internal.events.BuildManager.basicBuildLoop(BuildManager.java:503)
	at org.eclipse.core.internal.events.BuildManager.build(BuildManager.java:585)
	at org.eclipse.core.internal.events.AutoBuildJob.doBuild(AutoBuildJob.java:207)
	at org.eclipse.core.internal.events.AutoBuildJob.run(AutoBuildJob.java:300)
	at org.eclipse.core.internal.jobs.Worker.run(Worker.java:63)

Oct 12, 2024 6:46:14 AM org.eclipse.lsp4j.jsonrpc.RemoteEndpoint handleCancellation
WARNING: Unmatched cancel notification for request id 299
Oct 12, 2024 6:46:16 AM org.eclipse.lsp4j.jsonrpc.RemoteEndpoint handleCancellation
WARNING: Unmatched cancel notification for request id 309
Oct 12, 2024 6:46:27 AM org.eclipse.lsp4j.jsonrpc.RemoteEndpoint handleCancellation
WARNING: Unmatched cancel notification for request id 313
Oct 12, 2024 6:46:33 AM org.eclipse.lsp4j.jsonrpc.RemoteEndpoint handleCancellation
WARNING: Unmatched cancel notification for request id 326
Oct 12, 2024 6:46:43 AM org.eclipse.lsp4j.jsonrpc.RemoteEndpoint handleCancellation
WARNING: Unmatched cancel notification for request id 327
Oct 12, 2024 6:48:54 AM org.eclipse.lsp4j.jsonrpc.RemoteEndpoint fallbackResponseError
SEVERE: Internal error: java.lang.IllegalStateException: Invalid codeAction proposal
java.util.concurrent.CompletionException: java.lang.IllegalStateException: Invalid codeAction proposal
	at java.base/java.util.concurrent.CompletableFuture.encodeThrowable(CompletableFuture.java:315)
	at java.base/java.util.concurrent.CompletableFuture.completeThrowable(CompletableFuture.java:320)
	at java.base/java.util.concurrent.CompletableFuture$UniApply.tryFire(CompletableFuture.java:649)
	at java.base/java.util.concurrent.CompletableFuture$Completion.run(CompletableFuture.java:482)
	at java.base/java.lang.Thread.run(Thread.java:840)
Caused by: java.lang.IllegalStateException: Invalid codeAction proposal
	at org.eclipse.jdt.ls.core.internal.handlers.CodeActionResolveHandler.resolve(CodeActionResolveHandler.java:44)
	at org.eclipse.jdt.ls.core.internal.handlers.JDTLanguageServer.lambda$15(JDTLanguageServer.java:781)
	at org.eclipse.jdt.ls.core.internal.BaseJDTLanguageServer.lambda$0(BaseJDTLanguageServer.java:87)
	at java.base/java.util.concurrent.CompletableFuture$UniApply.tryFire(CompletableFuture.java:646)
	... 2 more

[Error - 6:48:54 AM] Request codeAction/resolve failed.
  Message: Internal error.
  Code: -32603 
java.util.concurrent.CompletionException: java.lang.IllegalStateException: Invalid codeAction proposal
	at java.base/java.util.concurrent.CompletableFuture.encodeThrowable(CompletableFuture.java:315)
	at java.base/java.util.concurrent.CompletableFuture.completeThrowable(CompletableFuture.java:320)
	at java.base/java.util.concurrent.CompletableFuture$UniApply.tryFire(CompletableFuture.java:649)
	at java.base/java.util.concurrent.CompletableFuture$Completion.run(CompletableFuture.java:482)
	at java.base/java.lang.Thread.run(Thread.java:840)
Caused by: java.lang.IllegalStateException: Invalid codeAction proposal
	at org.eclipse.jdt.ls.core.internal.handlers.CodeActionResolveHandler.resolve(CodeActionResolveHandler.java:44)
	at org.eclipse.jdt.ls.core.internal.handlers.JDTLanguageServer.lambda$15(JDTLanguageServer.java:781)
	at org.eclipse.jdt.ls.core.internal.BaseJDTLanguageServer.lambda$0(BaseJDTLanguageServer.java:87)
	at java.base/java.util.concurrent.CompletableFuture$UniApply.tryFire(CompletableFuture.java:646)
	... 2 more

Oct 12, 2024 6:50:08 AM org.eclipse.lsp4j.jsonrpc.RemoteEndpoint handleCancellation
WARNING: Unmatched cancel notification for request id 373
Oct 12, 2024 6:50:08 AM org.eclipse.lsp4j.jsonrpc.RemoteEndpoint handleCancellation
WARNING: Unmatched cancel notification for request id 385
Oct 12, 2024 6:50:08 AM org.eclipse.lsp4j.jsonrpc.RemoteEndpoint handleCancellation
WARNING: Unmatched cancel notification for request id 394
Oct 12, 2024 6:50:08 AM org.eclipse.lsp4j.jsonrpc.RemoteEndpoint handleCancellation
WARNING: Unmatched cancel notification for request id 390
Oct 12, 2024 6:50:08 AM org.eclipse.lsp4j.jsonrpc.RemoteEndpoint handleCancellation
WARNING: Unmatched cancel notification for request id 395
Oct 12, 2024 6:50:08 AM org.eclipse.lsp4j.jsonrpc.RemoteEndpoint handleCancellation
WARNING: Unmatched cancel notification for request id 396
Oct 12, 2024 6:50:08 AM org.eclipse.lsp4j.jsonrpc.RemoteEndpoint handleCancellation
WARNING: Unmatched cancel notification for request id 386
Oct 12, 2024 6:50:08 AM org.eclipse.lsp4j.jsonrpc.RemoteEndpoint handleCancellation
WARNING: Unmatched cancel notification for request id 389
Oct 12, 2024 6:50:09 AM org.eclipse.lsp4j.jsonrpc.RemoteEndpoint handleCancellation
WARNING: Unmatched cancel notification for request id 411
Oct 12, 2024 6:50:09 AM org.eclipse.lsp4j.jsonrpc.RemoteEndpoint handleCancellation
WARNING: Unmatched cancel notification for request id 412
Oct 12, 2024 6:50:09 AM org.eclipse.lsp4j.jsonrpc.RemoteEndpoint handleCancellation
WARNING: Unmatched cancel notification for request id 414
Oct 12, 2024 6:50:09 AM org.eclipse.lsp4j.jsonrpc.RemoteEndpoint handleCancellation
WARNING: Unmatched cancel notification for request id 415
Oct 12, 2024 6:50:09 AM org.eclipse.lsp4j.jsonrpc.RemoteEndpoint handleCancellation
WARNING: Unmatched cancel notification for request id 416
Oct 12, 2024 6:50:09 AM org.eclipse.lsp4j.jsonrpc.RemoteEndpoint handleCancellation
WARNING: Unmatched cancel notification for request id 417
Oct 12, 2024 6:50:09 AM org.eclipse.lsp4j.jsonrpc.RemoteEndpoint handleCancellation
WARNING: Unmatched cancel notification for request id 413
Oct 12, 2024 6:50:09 AM org.eclipse.lsp4j.jsonrpc.RemoteEndpoint handleCancellation
WARNING: Unmatched cancel notification for request id 407
Oct 12, 2024 6:50:10 AM org.eclipse.lsp4j.jsonrpc.RemoteEndpoint handleCancellation
WARNING: Unmatched cancel notification for request id 425
Oct 12, 2024 6:50:10 AM org.eclipse.lsp4j.jsonrpc.RemoteEndpoint handleCancellation
WARNING: Unmatched cancel notification for request id 426
Oct 12, 2024 6:50:10 AM org.eclipse.lsp4j.jsonrpc.RemoteEndpoint handleCancellation
WARNING: Unmatched cancel notification for request id 428
Oct 12, 2024 6:50:10 AM org.eclipse.lsp4j.jsonrpc.RemoteEndpoint handleCancellation
WARNING: Unmatched cancel notification for request id 430
[Error - 6:50:29 AM] Oct 12, 2024, 6:50:29 AM JavaBuilder handling ImageBuilderInternalException while building: jdt.ls-java-project
'1MBm' is not a valid Java identifier
Java Model Exception: Error in Java Model (code -1): '1MBm' is not a valid Java identifier
	at org.eclipse.jdt.internal.core.JavaElement.newJavaModelException(JavaElement.java:574)
	at org.eclipse.jdt.internal.core.Openable.generateInfos(Openable.java:233)
	at org.eclipse.jdt.internal.core.SourceRefElement.generateInfos(SourceRefElement.java:128)
	at org.eclipse.jdt.internal.core.JavaElement.openWhenClosed(JavaElement.java:585)
	at org.eclipse.jdt.internal.core.JavaElement.getElementInfo(JavaElement.java:308)
	at org.eclipse.jdt.internal.core.JavaElement.getElementInfo(JavaElement.java:294)
	at org.eclipse.jdt.internal.core.Member.getNameRange(Member.java:399)
	at org.eclipse.jdt.internal.core.builder.AbstractImageBuilder.createProblemFor(AbstractImageBuilder.java:443)
	at org.eclipse.jdt.internal.core.builder.AbstractImageBuilder.acceptResult(AbstractImageBuilder.java:194)
	at org.eclipse.jdt.internal.compiler.Compiler.processCompiledUnits(Compiler.java:614)
	at org.eclipse.jdt.internal.compiler.Compiler.compile(Compiler.java:474)
	at org.eclipse.jdt.internal.compiler.Compiler.compile(Compiler.java:425)
	at org.eclipse.jdt.internal.core.builder.AbstractImageBuilder.compile(AbstractImageBuilder.java:410)
	at org.eclipse.jdt.internal.core.builder.IncrementalImageBuilder.compile(IncrementalImageBuilder.java:370)
	at org.eclipse.jdt.internal.core.builder.AbstractImageBuilder.compile(AbstractImageBuilder.java:341)
	at org.eclipse.jdt.internal.core.builder.IncrementalImageBuilder.incrementalBuildLoop(IncrementalImageBuilder.java:190)
	at org.eclipse.jdt.internal.core.builder.IncrementalImageBuilder.build(IncrementalImageBuilder.java:147)
	at org.eclipse.jdt.internal.core.builder.JavaBuilder.buildDeltas(JavaBuilder.java:304)
	at org.eclipse.jdt.internal.core.builder.JavaBuilder.build(JavaBuilder.java:221)
	at org.eclipse.core.internal.events.BuildManager$2.run(BuildManager.java:1077)
	at org.eclipse.core.runtime.SafeRunner.run(SafeRunner.java:47)
	at org.eclipse.core.internal.events.BuildManager.basicBuild(BuildManager.java:296)
	at org.eclipse.core.internal.events.BuildManager.basicBuild(BuildManager.java:352)
	at org.eclipse.core.internal.events.BuildManager$1.run(BuildManager.java:441)
	at org.eclipse.core.runtime.SafeRunner.run(SafeRunner.java:47)
	at org.eclipse.core.internal.events.BuildManager.basicBuild(BuildManager.java:444)
	at org.eclipse.core.internal.events.BuildManager.basicBuildLoop(BuildManager.java:555)
	at org.eclipse.core.internal.events.BuildManager.basicBuildLoop(BuildManager.java:503)
	at org.eclipse.core.internal.events.BuildManager.build(BuildManager.java:585)
	at org.eclipse.core.internal.events.AutoBuildJob.doBuild(AutoBuildJob.java:207)
	at org.eclipse.core.internal.events.AutoBuildJob.run(AutoBuildJob.java:300)
	at org.eclipse.core.internal.jobs.Worker.run(Worker.java:63)

[Error - 6:52:35 AM] Oct 12, 2024, 6:52:35 AM JavaBuilder handling ImageBuilderInternalException while building: jdt.ls-java-project
'2RBu' is not a valid Java identifier
Java Model Exception: Error in Java Model (code -1): '2RBu' is not a valid Java identifier
	at org.eclipse.jdt.internal.core.JavaElement.newJavaModelException(JavaElement.java:574)
	at org.eclipse.jdt.internal.core.Openable.generateInfos(Openable.java:233)
	at org.eclipse.jdt.internal.core.SourceRefElement.generateInfos(SourceRefElement.java:128)
	at org.eclipse.jdt.internal.core.JavaElement.openWhenClosed(JavaElement.java:585)
	at org.eclipse.jdt.internal.core.JavaElement.getElementInfo(JavaElement.java:308)
	at org.eclipse.jdt.internal.core.JavaElement.getElementInfo(JavaElement.java:294)
	at org.eclipse.jdt.internal.core.Member.getNameRange(Member.java:399)
	at org.eclipse.jdt.internal.core.builder.AbstractImageBuilder.createProblemFor(AbstractImageBuilder.java:443)
	at org.eclipse.jdt.internal.core.builder.AbstractImageBuilder.acceptResult(AbstractImageBuilder.java:194)
	at org.eclipse.jdt.internal.compiler.Compiler.processCompiledUnits(Compiler.java:614)
	at org.eclipse.jdt.internal.compiler.Compiler.compile(Compiler.java:474)
	at org.eclipse.jdt.internal.compiler.Compiler.compile(Compiler.java:425)
	at org.eclipse.jdt.internal.core.builder.AbstractImageBuilder.compile(AbstractImageBuilder.java:410)
	at org.eclipse.jdt.internal.core.builder.IncrementalImageBuilder.compile(IncrementalImageBuilder.java:370)
	at org.eclipse.jdt.internal.core.builder.AbstractImageBuilder.compile(AbstractImageBuilder.java:341)
	at org.eclipse.jdt.internal.core.builder.IncrementalImageBuilder.incrementalBuildLoop(IncrementalImageBuilder.java:190)
	at org.eclipse.jdt.internal.core.builder.IncrementalImageBuilder.build(IncrementalImageBuilder.java:147)
	at org.eclipse.jdt.internal.core.builder.JavaBuilder.buildDeltas(JavaBuilder.java:304)
	at org.eclipse.jdt.internal.core.builder.JavaBuilder.build(JavaBuilder.java:221)
	at org.eclipse.core.internal.events.BuildManager$2.run(BuildManager.java:1077)
	at org.eclipse.core.runtime.SafeRunner.run(SafeRunner.java:47)
	at org.eclipse.core.internal.events.BuildManager.basicBuild(BuildManager.java:296)
	at org.eclipse.core.internal.events.BuildManager.basicBuild(BuildManager.java:352)
	at org.eclipse.core.internal.events.BuildManager$1.run(BuildManager.java:441)
	at org.eclipse.core.runtime.SafeRunner.run(SafeRunner.java:47)
	at org.eclipse.core.internal.events.BuildManager.basicBuild(BuildManager.java:444)
	at org.eclipse.core.internal.events.BuildManager.basicBuildLoop(BuildManager.java:555)
	at org.eclipse.core.internal.events.BuildManager.basicBuildLoop(BuildManager.java:503)
	at org.eclipse.core.internal.events.BuildManager.build(BuildManager.java:585)
	at org.eclipse.core.internal.events.AutoBuildJob.doBuild(AutoBuildJob.java:207)
	at org.eclipse.core.internal.events.AutoBuildJob.run(AutoBuildJob.java:300)
	at org.eclipse.core.internal.jobs.Worker.run(Worker.java:63)

Oct 12, 2024 6:52:59 AM org.eclipse.lsp4j.jsonrpc.RemoteEndpoint handleCancellation
WARNING: Unmatched cancel notification for request id 581
